<?xml version="1.0" encoding="UTF-8"?>
<!-- Generated by org.testng.reporters.JUnitReportReporter -->
<testsuite hostname="DESKTOP-KVJDOUS" failures="0" tests="3" name="Parameters.ParameterByDataprovider" time="9.442" errors="0" timestamp="2021-04-27T15:55:17 EDT" skipped="0">
  <testcase classname="Parameters.ParameterByDataprovider" name="testMethod" time="3.153"/>
  <system-out/>
  <testcase classname="Parameters.ParameterByDataprovider" name="testMethod" time="3.136"/>
  <system-out/>
  <testcase classname="Parameters.ParameterByDataprovider" name="testMethod" time="3.153"/>
  <system-out/>
</testsuite> <!-- Parameters.ParameterByDataprovider -->
