<?xml version="1.0" encoding="UTF-8"?>
<!-- Generated by org.testng.reporters.JUnitReportReporter -->
<testsuite hostname="DESKTOP-KVJDOUS" failures="0" tests="6" name="Parameters.ParameterByMethodInDataprovider" time="18.735" errors="0" timestamp="2021-04-27T16:20:30 EDT" skipped="0">
  <testcase classname="Parameters.ParameterByMethodInDataprovider" name="testMethodB" time="3.118"/>
  <system-out/>
  <testcase classname="Parameters.ParameterByMethodInDataprovider" name="testMethodA" time="3.106"/>
  <system-out/>
  <testcase classname="Parameters.ParameterByMethodInDataprovider" name="testMethodB" time="3.111"/>
  <system-out/>
  <testcase classname="Parameters.ParameterByMethodInDataprovider" name="testMethodA" time="3.113"/>
  <system-out/>
  <testcase classname="Parameters.ParameterByMethodInDataprovider" name="testMethodB" time="3.123"/>
  <system-out/>
  <testcase classname="Parameters.ParameterByMethodInDataprovider" name="testMethodA" time="3.164"/>
  <system-out/>
</testsuite> <!-- Parameters.ParameterByMethodInDataprovider -->
