<?xml version="1.0" encoding="UTF-8"?>
<!-- Generated by org.testng.reporters.JUnitReportReporter -->
<testsuite hostname="DESKTOP-KVJDOUS" failures="0" tests="1" name="testcases.Test99GuruLoginWithPageFactory" time="0.488" errors="0" timestamp="2021-04-27T12:44:43 EDT" skipped="0">
  <testcase classname="testcases.Test99GuruLoginWithPageFactory" name="test_Home_Page_Appear_Correct" time="0.488"/>
  <system-out/>
</testsuite> <!-- testcases.Test99GuruLoginWithPageFactory -->
