<?xml version="1.0" encoding="UTF-8"?>
<!-- Generated by org.testng.reporters.JUnitReportReporter -->
<testsuite hostname="DESKTOP-KVJDOUS" failures="0" tests="3" name="Parameters.ParameterDataproviderWithClassLevel" time="9.597" errors="0" timestamp="2021-04-28T10:51:05 EDT" skipped="0">
  <testcase classname="Parameters.ParameterDataproviderWithClassLevel" name="testMethod" time="3.275"/>
  <system-out/>
  <testcase classname="Parameters.ParameterDataproviderWithClassLevel" name="testMethod" time="3.173"/>
  <system-out/>
  <testcase classname="Parameters.ParameterDataproviderWithClassLevel" name="testMethod" time="3.149"/>
  <system-out/>
</testsuite> <!-- Parameters.ParameterDataproviderWithClassLevel -->
